<?xml version="1.0" encoding="UTF-8"?>
<testng-results skipped="0" failed="0" ignored="0" total="1" passed="1">
  <reporter-output>
  </reporter-output>
  <suite name="Default suite" duration-ms="30" started-at="2018-09-10T12:15:48Z" finished-at="2018-09-10T12:15:48Z">
    <groups>
    </groups>
    <test name="Default test" duration-ms="30" started-at="2018-09-10T12:15:48Z" finished-at="2018-09-10T12:15:48Z">
      <class name="com.src.selenium.SelTest">
        <test-method status="PASS" signature="f()[pri:0, instance:com.src.selenium.SelTest@735b5592]" name="f" duration-ms="8" started-at="2018-09-10T12:15:48Z" finished-at="2018-09-10T12:15:48Z">
          <reporter-output>
          </reporter-output>
        </test-method> <!-- f -->
      </class> <!-- com.src.selenium.SelTest -->
    </test> <!-- Default test -->
  </suite> <!-- Default suite -->
</testng-results>
