<?xml version="1.0" encoding="UTF-8"?>
<!-- Generated by org.testng.reporters.JUnitXMLReporter -->
<testsuite hostname="SBOSEWIN7B" ignored="0" tests="0" failures="0" timestamp="22 Jun 2018 11:30:22 GMT" time="0.0" errors="0">
  <testcase name="@BeforeTest TestAmount" time="0.0" classname="com.brainware.invoices.NewTest">
    <failure type="java.lang.NullPointerException">
      <![CDATA[java.lang.NullPointerException
at com.brainware.invoices.NewTest.TestAmount(NewTest.java:23)
... Removed 24 stack frames]]>
    </failure>
  </testcase> <!-- @BeforeTest TestAmount -->
</testsuite>
